Log file open, 11/06/16 19:14:52
LogInit:Display: Running engine for game: GameDev1P3
LogPlatformFile: Not using cached read wrapper
LogInit:Display: RandInit(-102151453) SRandInit(-102151452).
LogTaskGraph: Started task graph with 4 named threads and 9 total threads with 1 sets of task threads.
LogStats: Stats thread started at 0.091607
LogInit: Version: 4.12.5-3039270+++UE4+Release-4.12
LogInit: API Version: 2992821
LogInit: Net Version: 3039270
LogDevObjectVersion: Number of dev versions registered: 13
LogDevObjectVersion:   Dev-Blueprints (B0D832E4-1F89-4F0D-ACCF-7EB736FD4AA2): 3
LogDevObjectVersion:   Dev-Build (E1C64328-A22C-4D53-A36C-8E866417BD8C): 0
LogDevObjectVersion:   Dev-Core (375EC13C-06E4-48FB-B500-84F0262A717E): 1
LogDevObjectVersion:   Dev-Editor (E4B068ED-F494-42E9-A231-DA0B2E46BB41): 2
LogDevObjectVersion:   Dev-Framework (CFFC743F-43B0-4480-9391-14DF171D2073): 6
LogDevObjectVersion:   Dev-Mobile (B02B49B5-BB20-44E9-A304-32B752E40360): 0
LogDevObjectVersion:   Dev-Networking (A4E4105C-59A1-49B5-A7C5-40C4547EDFEE): 0
LogDevObjectVersion:   Dev-Online (39C831C9-5AE6-47DC-9A44-9C173E1C8E7C): 0
LogDevObjectVersion:   Dev-Physics (78F01B33-EBEA-4F98-B9B4-84EACCB95AA2): 0
LogDevObjectVersion:   Dev-Platform (6631380F-2D4D-43E0-8009-CF276956A95A): 0
LogDevObjectVersion:   Dev-Rendering (12F88B9F-8875-4AFC-A67C-D90C383ABD29): 2
LogDevObjectVersion:   Dev-Sequencer (7B5AE74C-D270-4C10-A958-57980B212A5A): 0
LogDevObjectVersion:   Dev-VR (D7296918-1DD6-4BDD-9DE2-64A83CC13884): 0
LogInit: Compiled (64-bit): Jul  6 2016 09:09:46
LogInit: Compiled with Visual C++: 19.00.23026.00
LogInit: Build Configuration: Development
LogInit: Branch Name: ++UE4+Release-4.12
LogInit: Command line:  
LogInit: Base directory: C:/Program Files/Epic Games/4.12/Engine/Binaries/Win64/
LogInit: Installed Engine Build: 1
LogInit: Using libcurl 7.41.0
LogInit:  - built for x86_64-pc-win32
LogInit:  - supports SSL with WinSSL
LogInit:  - other features:
LogInit:      CURL_VERSION_SSL
LogInit:      CURL_VERSION_IPV6
LogInit:      CURL_VERSION_ASYNCHDNS
LogInit:      CURL_VERSION_LARGEFILE
LogInit:      CURL_VERSION_IDN
LogInit:  CurlRequestOptions (configurable via config and command line):
LogInit:  - bVerifyPeer = true  - Libcurl will verify peer certificate
LogInit:  - bUseHttpProxy = false  - Libcurl will NOT use HTTP proxy
LogInit:  - bDontReuseConnections = false  - Libcurl will reuse connections
LogInit:  - CertBundlePath = nullptr  - Libcurl will use whatever was configured at build time.
LogInit: Presizing for max 8388607 objects, including 0 objects not considered by GC, pre-allocating 0 bytes for permanent pool.
LogInit: Object subsystem initialized
[2016.11.07-00.14.52:508][  0]LogInit: Selected Device Profile: [Windows]
[2016.11.07-00.14.52:508][  0]LogInit: Applying CVar settings loaded from the selected device profile: [Windows]
[2016.11.07-00.14.52:526][  0]LogInit: Computer: SA2502-PC02
[2016.11.07-00.14.52:526][  0]LogInit: User: ringk2
[2016.11.07-00.14.52:526][  0]LogInit: CPU Page size=65536, Cores=6
[2016.11.07-00.14.52:526][  0]LogInit: High frequency timer resolution =3.410071 MHz
[2016.11.07-00.14.52:527][  0]LogMemory: Memory total: Physical=31.9GB (32GB approx)
[2016.11.07-00.14.52:527][  0]LogMemory: Platform Memory Stats for Windows
[2016.11.07-00.14.52:527][  0]LogMemory: Process Physical Memory: 191.32 MB used, 191.32 MB peak
[2016.11.07-00.14.52:527][  0]LogMemory: Process Virtual Memory: 195.55 MB used, 195.55 MB peak
[2016.11.07-00.14.52:527][  0]LogMemory: Physical Memory: 6604.07 MB used, 32690.29 MB total
[2016.11.07-00.14.52:527][  0]LogMemory: Virtual Memory: 555.21 MB used, 134217728.00 MB total
[2016.11.07-00.14.52:553][  0]LogTextLocalizationManager: No specific translations for ('en-US') exist, so ('en') translations will be used.
[2016.11.07-00.14.52:924][  0]LogD3D11RHI: D3D11 adapters:
[2016.11.07-00.14.52:946][  0]LogD3D11RHI:    0. 'NVIDIA GeForce GTX 1080' (Feature Level 11_0)
[2016.11.07-00.14.52:946][  0]LogD3D11RHI:       8144/0/16345 MB DedicatedVideo/DedicatedSystem/SharedSystem, Outputs:2, VendorId:0x10de
[2016.11.07-00.14.52:947][  0]LogD3D11RHI:    1. 'Microsoft Basic Render Driver' (Feature Level 11_0)
[2016.11.07-00.14.52:947][  0]LogD3D11RHI:       0/0/16345 MB DedicatedVideo/DedicatedSystem/SharedSystem, Outputs:0, VendorId:0x1414
[2016.11.07-00.14.52:947][  0]LogD3D11RHI: Chosen D3D11 Adapter: 0
[2016.11.07-00.14.52:951][  0]LogD3D11RHI: Creating new Direct3DDevice
[2016.11.07-00.14.52:951][  0]LogD3D11RHI:     GPU DeviceId: 0x1b80 (for the marketing name, search the web for "GPU Device Id")
[2016.11.07-00.14.52:951][  0]LogWindows: EnumDisplayDevices:
[2016.11.07-00.14.52:951][  0]LogWindows:    0. 'NVIDIA GeForce GTX 1080' (P:1 D:1)
[2016.11.07-00.14.52:951][  0]LogWindows:    1. 'NVIDIA GeForce GTX 1080' (P:0 D:1)
[2016.11.07-00.14.52:952][  0]LogWindows:    2. 'NVIDIA GeForce GTX 1080' (P:0 D:0)
[2016.11.07-00.14.52:952][  0]LogWindows:    3. 'NVIDIA GeForce GTX 1080' (P:0 D:0)
[2016.11.07-00.14.52:952][  0]LogWindows: DebugString: FoundDriverCount:4 
[2016.11.07-00.14.52:952][  0]LogD3D11RHI:     Adapter Name: NVIDIA GeForce GTX 1080
[2016.11.07-00.14.52:952][  0]LogD3D11RHI:   Driver Version: 372.54 (internal:21.21.13.7254, unified:372.54)
[2016.11.07-00.14.52:952][  0]LogD3D11RHI:      Driver Date: 8-11-2016
[2016.11.07-00.14.52:952][  0]LogRHI: Texture pool is 1361 MB (70% of 1945 MB)
[2016.11.07-00.14.52:964][  0]LogD3D11RHI: Async texture creation enabled
[2016.11.07-00.14.52:974][  0]LogD3D11RHI: GPU Timing Frequency: 1000.000000 (Debug: 2 1)
[2016.11.07-00.14.52:974][  0]LogShaderCompilers: Guid format shader working directory is -34 characters bigger than the processId version (../../../../../../Users/ringk2/Documents/Unreal Projects/Smellovision/GameDev1P3/Intermediate/Shaders/WorkingDirectory/10192/).
[2016.11.07-00.14.52:974][  0]LogShaderCompilers: Cleaned the shader compiler working directory 'C:/Users/ringk2/AppData/Local/Temp/UnrealShaderWorkingDir/3273B2824614F4869BCDC0BA8095A9AE/'.
[2016.11.07-00.14.52:974][  0]LogShaderCompilers:Display: Using Local Shader Compiler.
[2016.11.07-00.14.53:899][  0]LogTemp:Display: Loaded TP AllDesktopTargetPlatform
[2016.11.07-00.14.53:908][  0]LogTemp:Display: Loaded TP WindowsClientTargetPlatform
[2016.11.07-00.14.53:916][  0]LogTemp:Display: Loaded TP WindowsNoEditorTargetPlatform
[2016.11.07-00.14.53:924][  0]LogTemp:Display: Loaded TP WindowsServerTargetPlatform
[2016.11.07-00.14.53:933][  0]LogTemp:Display: Loaded TP WindowsTargetPlatform
[2016.11.07-00.14.53:940][  0]LogTemp:Display: Loaded TP AndroidTargetPlatform
[2016.11.07-00.14.53:946][  0]LogTemp:Display: Loaded TP Android_ASTCTargetPlatform
[2016.11.07-00.14.53:953][  0]LogTemp:Display: Loaded TP Android_ATCTargetPlatform
[2016.11.07-00.14.53:959][  0]LogTemp:Display: Loaded TP Android_DXTTargetPlatform
[2016.11.07-00.14.53:966][  0]LogTemp:Display: Loaded TP Android_ETC1TargetPlatform
[2016.11.07-00.14.53:972][  0]LogTemp:Display: Loaded TP Android_ETC2TargetPlatform
[2016.11.07-00.14.53:986][  0]LogTemp:Display: Loaded TP Android_MultiTargetPlatform
[2016.11.07-00.14.53:986][  0]LogTemp:Display: Loaded TP Android_PVRTCTargetPlatform
[2016.11.07-00.14.53:986][  0]LogTemp:Display: Loaded TP HTML5TargetPlatform
[2016.11.07-00.14.54:006][  0]LogTemp:Display: Loaded TP IOSTargetPlatform
[2016.11.07-00.14.54:020][  0]LogTemp:Display: Loaded TP TVOSTargetPlatform
[2016.11.07-00.14.54:026][  0]LogTemp:Display: Loaded TP LinuxNoEditorTargetPlatform
[2016.11.07-00.14.54:034][  0]LogTemp:Display: Loaded TP LinuxServerTargetPlatform
[2016.11.07-00.14.54:041][  0]LogTemp:Display: Loaded TP LinuxTargetPlatform
[2016.11.07-00.14.54:041][  0]LogTargetPlatformManager:Display: Building Assets For Windows
[2016.11.07-00.14.54:111][  0]LogDerivedDataCache:Display: Max Cache Size: 512 MB
[2016.11.07-00.14.54:157][  0]LogDerivedDataCache: Loaded boot cache 0.05s 49MB C:/Users/ringk2/AppData/Local/UnrealEngine/4.12/DerivedDataCache/Boot.ddc.
[2016.11.07-00.14.54:157][  0]LogDerivedDataCache:Display: Loaded Boot cache: C:/Users/ringk2/AppData/Local/UnrealEngine/4.12/DerivedDataCache/Boot.ddc
[2016.11.07-00.14.54:157][  0]LogDerivedDataCache: FDerivedDataBackendGraph:  Pak pak cache file ../../../../../../Users/ringk2/Documents/Unreal Projects/Smellovision/GameDev1P3/DerivedDataCache/DDC.ddp not found, will not use a pak cache.
[2016.11.07-00.14.54:157][  0]LogDerivedDataCache: Unable to find inner node Pak for hierarchical cache Hierarchy.
[2016.11.07-00.14.54:157][  0]LogDerivedDataCache: FDerivedDataBackendGraph:  CompressedPak pak cache file ../../../../../../Users/ringk2/Documents/Unreal Projects/Smellovision/GameDev1P3/DerivedDataCache/Compressed.ddp not found, will not use a pak cache.
[2016.11.07-00.14.54:157][  0]LogDerivedDataCache: Unable to find inner node CompressedPak for hierarchical cache Hierarchy.
[2016.11.07-00.14.54:173][  0]LogDerivedDataCache:Display: Pak cache opened for reading ../../../Engine/DerivedDataCache/Compressed.ddp.
[2016.11.07-00.14.54:184][  0]LogDerivedDataCache: Using Local data cache path C:/Users/ringk2/AppData/Local/UnrealEngine/Common/DerivedDataCache: Writable
[2016.11.07-00.14.54:363][  0]LogInit: Selected Device Profile: [Windows]
[2016.11.07-00.14.54:364][  0]LogContentStreaming: Texture pool size is 0.00 MB
[2016.11.07-00.14.54:495][  0]LogMeshUtilities: No automatic mesh reduction module available
[2016.11.07-00.14.54:495][  0]LogMeshUtilities: No automatic mesh merging module available
[2016.11.07-00.14.54:495][  0]LogMeshUtilities: No distributed automatic mesh merging module available
[2016.11.07-00.14.54:712][  0]LogAssetRegistry: FAssetRegistry took 0.0213 seconds to start up
[2016.11.07-00.14.54:741][  0]LogPackageLocalizationCache: Processed 4 localized package path(s) for 2 prioritized culture(s) in 0.026801 seconds
[2016.11.07-00.14.54:744][  0]LogUObjectArray: 28739 objects as part of root set at end of initial load.
[2016.11.07-00.14.54:744][  0]LogUObjectAllocator: 5855632 out of 0 bytes used by permanent object pool.
[2016.11.07-00.14.54:744][  0]LogUObjectArray: CloseDisregardForGC: 0/0 objects in disregard for GC pool
[2016.11.07-00.14.54:749][  0]LogInit: WinSock: version 1.1 (2.2), MaxSocks=32767, MaxUdp=65467
[2016.11.07-00.14.54:885][  0]LogSlate: SlateFontCache - WITH_FREETYPE: 1, WITH_HARFBUZZ: 1
[2016.11.07-00.14.54:885][  0]LogSlate: SlateFontCache - WITH_FREETYPE: 1, WITH_HARFBUZZ: 1
[2016.11.07-00.14.55:437][  0]LogUdpMessaging: Initializing bridge on interface 0.0.0.0:0 to multicast group 230.0.0.1:6666.
[2016.11.07-00.14.55:618][  0]SourceControl: Info Source control is disabled
[2016.11.07-00.14.56:155][  0]LogHoudiniEngine: Starting the Houdini Engine module.
[2016.11.07-00.14.56:155][  0]LogHoudiniEngine: Loaded libHAPIL.dll from Registry path C:\Program Files\Side Effects Software\Houdini 15.5.607/bin
[2016.11.07-00.14.56:155][  0]LogLinker:Warning: Asset '../../../Engine/Plugins/Runtime/HoudiniEngine/Content/houdini_logo.uasset' has been saved with empty engine version. The asset will be loaded but may be incompatible.
[2016.11.07-00.14.56:157][  0]LogLinker:Warning: Asset '../../../Engine/Plugins/Runtime/HoudiniEngine/Content/houdini_default_material.uasset' has been saved with empty engine version. The asset will be loaded but may be incompatible.
[2016.11.07-00.14.56:160][  0]LogLinker:Warning: Asset '../../../Engine/Plugins/Runtime/HoudiniEngine/Content/houdini_bgeo_import.uasset' has been saved with empty engine version. The asset will be loaded but may be incompatible.
[2016.11.07-00.14.56:707][  0]LogHoudiniEngine: Successfully initialized the Houdini Engine API module.
[2016.11.07-00.14.56:814][  0]LogEngine: Initializing Engine...
[2016.11.07-00.14.56:815][  0]LogHMD: SteamVR failed to initialize.  Err: 110
[2016.11.07-00.14.56:815][  0]LogHMD: SteamVR failed to initialize.  Err: 110
[2016.11.07-00.14.56:936][  0]LogAIModule: Creating AISystem for world NewWorld
[2016.11.07-00.14.56:942][  0]LogInit: XAudio2 using 'Speakers / Headphones (Realtek High Definition Audio)' : 2 channels at 48 kHz using 32 bits per sample (channel mask 0x3)
[2016.11.07-00.14.56:954][  0]LogInit: FAudioDevice initialized.
[2016.11.07-00.14.56:977][  0]LogDerivedDataCache: Saved boot cache 0.02s 49MB C:/Users/ringk2/AppData/Local/UnrealEngine/4.12/DerivedDataCache/Boot.ddc.
[2016.11.07-00.14.56:984][  0]LogInit: Texture streaming: Enabled
[2016.11.07-00.14.56:999][  0]LogInit: Transaction tracking system initialized
[2016.11.07-00.14.57:014][  0]BlueprintLog: New page: Editor Load
[2016.11.07-00.14.57:071][  0]LocalizationService: Info Localization service is disabled
[2016.11.07-00.14.57:115][  0]LogConsoleResponse:Display: 
[2016.11.07-00.14.57:197][  0]LogCook:Display: Max memory allowance for cook 8192mb
[2016.11.07-00.14.57:197][  0]LogCook:Display: Mobile HDR setting 1
[2016.11.07-00.14.57:239][  0]LogFileCache: Scanning file cache for directory 'C:/Users/ringk2/Documents/Unreal Projects/Smellovision/GameDev1P3/Content/' took 0.01s
[2016.11.07-00.14.57:239][  0]LogHoudiniEngineEditor: Starting the Houdini Engine Editor module.
[2016.11.07-00.14.57:387][  0]Cmd: MAP LOAD FILE="../../../Engine/Content/Maps/Templates/Template_Default.umap" TEMPLATE=1 SHOWPROGRESS=1 FEATURELEVEL=3
[2016.11.07-00.14.57:387][  0]LightingResults: New page: Lighting Build
[2016.11.07-00.14.57:389][  0]MapCheck: New page: Map Check
[2016.11.07-00.14.57:389][  0]LightingResults: New page: Lighting Build
[2016.11.07-00.14.57:580][  0]LogAIModule: Creating AISystem for world Untitled_1
[2016.11.07-00.14.57:584][  0]LogEditorServer: Finished looking for orphan Actors (0.000 secs)
[2016.11.07-00.14.57:587][  0]Cmd: MAP CHECKDEP NOCLEARLOG
[2016.11.07-00.14.57:620][  0]MapCheck: Info Map check complete: 0 Error(s), 0 Warning(s), took 32.754ms to complete.
[2016.11.07-00.14.57:620][  0]LogFileHelpers: Loading map 'Template_Default' took 0.234
[2016.11.07-00.14.57:751][  0]LogCollectionManager: Loaded 0 collections in 0.001481 seconds
[2016.11.07-00.14.57:793][  0]LogFileCache: Scanning file cache for directory 'C:/Users/ringk2/Documents/Unreal Projects/Smellovision/GameDev1P3/Saved/Collections/' took 0.01s
[2016.11.07-00.14.57:793][  0]LogFileCache: Scanning file cache for directory 'C:/Users/ringk2/Documents/Unreal Projects/Smellovision/GameDev1P3/Content/Developers/ringk2/Collections/' took 0.01s
[2016.11.07-00.14.57:793][  0]LogFileCache: Scanning file cache for directory 'C:/Users/ringk2/Documents/Unreal Projects/Smellovision/GameDev1P3/Content/Collections/' took 0.01s
[2016.11.07-00.14.57:793][  0]LogCollectionManager: Rebuilt the GUID cache for 0 collections in 0.000003 seconds
[2016.11.07-00.14.57:801][  0]LogContentBrowser: Native class hierarchy populated in 0.0074 seconds. Added 2078 classes and 374 folders.
[2016.11.07-00.14.57:804][  0]LogStats: UGameplayTagsManager::ConstructGameplayTagTree: Construct from data asset -  0.000 s
[2016.11.07-00.14.57:804][  0]LogStats: UGameplayTagsManager::ConstructGameplayTagTree: GameplayTagTreeChangedEvent.Broadcast -  0.000 s
[2016.11.07-00.14.57:804][  0]LogContentBrowser: Native class hierarchy updated for 'GameplayTags' in 0.0004 seconds. Added 12 classes and 0 folders.
[2016.11.07-00.14.57:807][  0]LogContentBrowser: Native class hierarchy updated for 'WidgetCarousel' in 0.0003 seconds. Added 0 classes and 0 folders.
[2016.11.07-00.14.57:838][  0]LogContentBrowser: Native class hierarchy updated for 'AddContentDialog' in 0.0004 seconds. Added 0 classes and 0 folders.
[2016.11.07-00.14.57:841][  0]LogContentBrowser: Native class hierarchy updated for 'SceneOutliner' in 0.0003 seconds. Added 1 classes and 2 folders.
[2016.11.07-00.14.57:852][  0]LogCrashTracker: Crashtracker disabled due to settings.
[2016.11.07-00.14.57:856][  0]LogUObjectGlobals:Warning: Failed to find object 'Class None.'
[2016.11.07-00.14.57:881][  0]LogContentBrowser: Native class hierarchy updated for 'HierarchicalLODOutliner' in 0.0003 seconds. Added 1 classes and 2 folders.
[2016.11.07-00.14.57:881][  0]LogLoad: Full Startup: 6.18 seconds (BP compile: 0.03 seconds)
[2016.11.07-00.14.57:881][  0]LogExternalProfiler: Found external profiler: VSPerf
[2016.11.07-00.14.57:881][  0]LogExternalProfiler: Using external profiler: VSPerf
[2016.11.07-00.14.57:890][  0]LogWindowsTextInputMethodSystem:Display: IME system now deactivated.
[2016.11.07-00.14.57:890][  0]LogOcInput: OculusInput pre-init called
[2016.11.07-00.14.57:908][  0]SourceControl: Info On branch master
[2016.11.07-00.14.57:908][  0]SourceControl: Info Your branch is behind 'origin/master' by 1 commit, and can be fast-forwarded.
[2016.11.07-00.14.57:908][  0]SourceControl: Info   (use "git pull" to update your local branch)
[2016.11.07-00.14.57:908][  0]SourceControl: Info Changes not staged for commit:
[2016.11.07-00.14.57:908][  0]SourceControl: Info   (use "git add/rm <file>..." to update what will be committed)
[2016.11.07-00.14.57:908][  0]SourceControl: Info   (use "git checkout -- <file>..." to discard changes in working directory)
[2016.11.07-00.14.57:908][  0]SourceControl: Info 	modified:   GameDev1P3/GameDev1P3.uproject
[2016.11.07-00.14.57:908][  0]SourceControl: Info 	modified:   GameDev1P3/Intermediate/CachedAssetRegistry.bin
[2016.11.07-00.14.57:908][  0]SourceControl: Info 	modified:   GameDev1P3/Intermediate/Config/CoalescedSourceConfigs/DeviceProfiles.ini
[2016.11.07-00.14.57:908][  0]SourceControl: Info 	modified:   GameDev1P3/Intermediate/Config/CoalescedSourceConfigs/Editor.ini
[2016.11.07-00.14.57:908][  0]SourceControl: Info 	modified:   GameDev1P3/Intermediate/Config/CoalescedSourceConfigs/EditorPerProjectUserSettings.ini
[2016.11.07-00.14.57:908][  0]SourceControl: Info 	modified:   GameDev1P3/Intermediate/Config/CoalescedSourceConfigs/Engine.ini
[2016.11.07-00.14.57:908][  0]SourceControl: Info 	modified:   GameDev1P3/Intermediate/Config/CoalescedSourceConfigs/Game.ini
[2016.11.07-00.14.57:908][  0]SourceControl: Info 	modified:   GameDev1P3/Intermediate/Config/CoalescedSourceConfigs/Input.ini
[2016.11.07-00.14.57:908][  0]SourceControl: Info 	modified:   GameDev1P3/Intermediate/Config/CoalescedSourceConfigs/Scalability.ini
[2016.11.07-00.14.57:908][  0]SourceControl: Info 	modified:   GameDev1P3/Saved/AutoScreenshot.png
[2016.11.07-00.14.57:908][  0]SourceControl: Info 	modified:   GameDev1P3/Saved/Autosaves/PackageRestoreData.json
[2016.11.07-00.14.57:908][  0]SourceControl: Info 	modified:   GameDev1P3/Saved/Config/Windows/EditorPerProjectUserSettings.ini
[2016.11.07-00.14.57:908][  0]SourceControl: Info 	deleted:    GameDev1P3/Saved/Config/Windows/EditorUserSettings.ini
[2016.11.07-00.14.57:908][  0]SourceControl: Info 	modified:   GameDev1P3/Saved/Config/Windows/Engine.ini
[2016.11.07-00.14.57:908][  0]SourceControl: Info 	modified:   GameDev1P3/Saved/Config/Windows/GameUserSettings.ini
[2016.11.07-00.14.57:908][  0]SourceControl: Info 	modified:   GameDev1P3/Saved/Logs/GameDev1P3.log
[2016.11.07-00.14.57:908][  0]SourceControl: Info Untracked files:
[2016.11.07-00.14.57:908][  0]SourceControl: Info   (use "git add <file>..." to include in what will be committed)
[2016.11.07-00.14.57:908][  0]SourceControl: Info 	GameDev1P3/Intermediate/AssetRegistryCache/6b907c15.bin
[2016.11.07-00.14.57:908][  0]SourceControl: Info 	GameDev1P3/Intermediate/AssetRegistryCache/d0ae4ecc.bin
[2016.11.07-00.14.57:908][  0]SourceControl: Info 	GameDev1P3/Saved/Config/Windows/EditorUserSettings.ini.bak
[2016.11.07-00.14.57:908][  0]SourceControl: Info 	GameDev1P3/Saved/Logs/GameDev1P3-backup-2016.11.06-19.11.45.log
[2016.11.07-00.14.57:908][  0]SourceControl: Info 	GameDev1P3/Saved/Logs/GameDev1P3-backup-2016.11.06-19.14.52.log
[2016.11.07-00.14.57:908][  0]SourceControl: Info no changes added to commit (use "git add" and/or "git commit -a")
[2016.11.07-00.14.57:908][  0]LogContentStreaming: Texture pool size now 1000 MB
[2016.11.07-00.14.58:040][  0]LogRenderer: Reallocating scene render targets to support 1208x652 (Frame:2).
[2016.11.07-00.14.58:089][  1]LogAssetRegistry: Asset discovery search completed in 3.3988 seconds
[2016.11.07-00.14.58:089][  1]LogCollectionManager: Rebuilt the object cache for 0 collections in 0.000001 seconds (found 0 objects)
[2016.11.07-00.14.58:089][  1]LogCollectionManager: Fixed up redirectors for 0 collections in 0.000017 seconds (updated 0 objects)
[2016.11.07-00.15.14:003][112]LogAssetTools:Warning: Failed to import 'C:\Users\ringk2\Documents\Unreal Projects\Smellovision\GameDev1P3\Content\Levels\Level_1-1_V1.umap'. Unknown extension 'umap'.
[2016.11.07-00.15.14:018][112]LogAssetTools:Warning: Failed to import 'C:\Users\ringk2\Documents\Unreal Projects\Smellovision\GameDev1P3\Content\Levels\Level_1-2_V1.umap'. Unknown extension 'umap'.
[2016.11.07-00.15.14:031][112]LogAssetTools:Warning: Failed to import 'C:\Users\ringk2\Documents\Unreal Projects\Smellovision\GameDev1P3\Content\Levels\Level_1-3_V1.umap'. Unknown extension 'umap'.
[2016.11.07-00.18.29:684][ 17]LogWindowsTextInputMethodSystem:Display: IME system now deactivated.
[2016.11.07-00.18.29:841][ 18]Cmd: QUIT_EDITOR
[2016.11.07-00.18.29:895][ 18]LogExit: Preparing to exit.
[2016.11.07-00.18.30:627][ 18]LogHoudiniEngine: HAPI Synchronous Deletion of  Started. HoudiniAsset = 0x0, 
[2016.11.07-00.18.30:629][ 18]LogExit: Editor shut down
[2016.11.07-00.18.30:629][ 18]LogExit: Transaction tracking system shut down
[2016.11.07-00.18.30:728][ 18]LogObj: Freed 0b from 0 cluster array pools.
[2016.11.07-00.18.30:728][ 18]LogExit: Object subsystem successfully closed.
[2016.11.07-00.18.30:739][ 18]LogD3D11RHI: Shutdown
[2016.11.07-00.18.30:739][ 18]LogD3D11RHI: CleanupD3DDevice
[2016.11.07-00.18.30:780][ 18]LogD3D11RHI: ~FD3D11DynamicRHI
[2016.11.07-00.18.30:791][ 18]LogModuleManager: Shutting down and abandoning module HierarchicalLODOutliner (215)
[2016.11.07-00.18.30:791][ 18]LogModuleManager: Shutting down and abandoning module CrashTracker (214)
[2016.11.07-00.18.30:791][ 18]LogModuleManager: Shutting down and abandoning module SceneOutliner (213)
[2016.11.07-00.18.30:791][ 18]LogModuleManager: Shutting down and abandoning module WidgetCarousel (212)
[2016.11.07-00.18.30:791][ 18]LogModuleManager: Shutting down and abandoning module AddContentDialog (211)
[2016.11.07-00.18.30:792][ 18]LogModuleManager: Shutting down and abandoning module GameplayTags (210)
[2016.11.07-00.18.30:792][ 18]LogModuleManager: Shutting down and abandoning module EditorWidgets (209)
[2016.11.07-00.18.30:792][ 18]LogModuleManager: Shutting down and abandoning module CollectionManager (208)
[2016.11.07-00.18.30:793][ 18]LogModuleManager: Shutting down and abandoning module StatsViewer (207)
[2016.11.07-00.18.30:793][ 18]LogModuleManager: Shutting down and abandoning module FoliageEdit (206)
[2016.11.07-00.18.30:793][ 18]LogModuleManager: Shutting down and abandoning module LandscapeEditor (205)
[2016.11.07-00.18.30:793][ 18]LogModuleManager: Shutting down and abandoning module SceneDepthPickerMode (204)
[2016.11.07-00.18.30:793][ 18]LogModuleManager: Shutting down and abandoning module ActorPickerMode (203)
[2016.11.07-00.18.30:793][ 18]LogModuleManager: Shutting down and abandoning module GeometryMode (202)
[2016.11.07-00.18.30:793][ 18]LogModuleManager: Shutting down and abandoning module TextureAlignMode (201)
[2016.11.07-00.18.30:793][ 18]LogModuleManager: Shutting down and abandoning module BspMode (200)
[2016.11.07-00.18.30:793][ 18]LogModuleManager: Shutting down and abandoning module HardwareSurvey (199)
[2016.11.07-00.18.30:793][ 18]LogModuleManager: Shutting down and abandoning module SequenceRecorderSections (198)
[2016.11.07-00.18.30:793][ 18]LogModuleManager: Shutting down and abandoning module SequenceRecorder (197)
[2016.11.07-00.18.30:793][ 18]LogModuleManager: Shutting down and abandoning module AutomationWorker (196)
[2016.11.07-00.18.30:793][ 18]LogModuleManager: Shutting down and abandoning module HoudiniEngineEditor (195)
[2016.11.07-00.18.30:793][ 18]LogHoudiniEngineEditor: Shutting down the Houdini Engine Editor module.
[2016.11.07-00.18.30:793][ 18]LogModuleManager: Shutting down and abandoning module MatineeToLevelSequence (194)
[2016.11.07-00.18.30:793][ 18]LogModuleManager: Shutting down and abandoning module PlacementMode (193)
[2016.11.07-00.18.30:793][ 18]LogModuleManager: Shutting down and abandoning module LevelSequenceEditor (192)
[2016.11.07-00.18.30:793][ 18]LogModuleManager: Shutting down and abandoning module CharacterAI (191)
[2016.11.07-00.18.30:793][ 18]LogModuleManager: Shutting down and abandoning module SmartSnapping (190)
[2016.11.07-00.18.30:793][ 18]LogModuleManager: Shutting down and abandoning module SessionServices (189)
[2016.11.07-00.18.30:793][ 18]LogModuleManager: Shutting down and abandoning module ViewportSnapping (188)
[2016.11.07-00.18.30:793][ 18]LogModuleManager: Shutting down and abandoning module LogVisualizer (187)
[2016.11.07-00.18.30:793][ 18]LogModuleManager: Shutting down and abandoning module GameProjectGeneration (186)
[2016.11.07-00.18.30:793][ 18]LogModuleManager: Shutting down and abandoning module IntroTutorials (185)
[2016.11.07-00.18.30:793][ 18]LogModuleManager: Shutting down and abandoning module EditorLiveStreaming (184)
[2016.11.07-00.18.30:793][ 18]LogModuleManager: Shutting down and abandoning module IOSPlatformEditor (183)
[2016.11.07-00.18.30:793][ 18]LogModuleManager: Shutting down and abandoning module HTML5PlatformEditor (182)
[2016.11.07-00.18.30:794][ 18]LogModuleManager: Shutting down and abandoning module AndroidDeviceDetection (181)
[2016.11.07-00.18.31:156][ 18]LogModuleManager: Shutting down and abandoning module AndroidPlatformEditor (180)
[2016.11.07-00.18.31:156][ 18]LogModuleManager: Shutting down and abandoning module IOSRuntimeSettings (179)
[2016.11.07-00.18.31:156][ 18]LogModuleManager: Shutting down and abandoning module AndroidRuntimeSettings (178)
[2016.11.07-00.18.31:156][ 18]LogModuleManager: Shutting down and abandoning module MergeActors (177)
[2016.11.07-00.18.31:156][ 18]LogModuleManager: Shutting down and abandoning module SizeMap (176)
[2016.11.07-00.18.31:156][ 18]LogModuleManager: Shutting down and abandoning module TreeMap (175)
[2016.11.07-00.18.31:156][ 18]LogModuleManager: Shutting down and abandoning module ReferenceViewer (174)
[2016.11.07-00.18.31:156][ 18]LogModuleManager: Shutting down and abandoning module LocalizationService (173)
[2016.11.07-00.18.31:156][ 18]LogModuleManager: Shutting down and abandoning module LocalizationDashboard (172)
[2016.11.07-00.18.31:156][ 18]LogModuleManager: Shutting down and abandoning module HardwareTargeting (171)
[2016.11.07-00.18.31:156][ 18]LogModuleManager: Shutting down and abandoning module DeviceProfileEditor (170)
[2016.11.07-00.18.31:156][ 18]LogModuleManager: Shutting down and abandoning module UndoHistory (169)
[2016.11.07-00.18.31:156][ 18]LogModuleManager: Shutting down and abandoning module UserFeedback (168)
[2016.11.07-00.18.31:156][ 18]LogModuleManager: Shutting down and abandoning module XmlParser (167)
[2016.11.07-00.18.31:156][ 18]LogModuleManager: Shutting down and abandoning module Blutility (166)
[2016.11.07-00.18.31:156][ 18]LogModuleManager: Shutting down and abandoning module ProjectTargetPlatformEditor (165)
[2016.11.07-00.18.31:156][ 18]LogModuleManager: Shutting down and abandoning module ProjectSettingsViewer (164)
[2016.11.07-00.18.31:156][ 18]LogModuleManager: Shutting down and abandoning module InputBindingEditor (163)
[2016.11.07-00.18.31:156][ 18]LogModuleManager: Shutting down and abandoning module EditorSettingsViewer (162)
[2016.11.07-00.18.31:156][ 18]LogModuleManager: Shutting down and abandoning module SettingsEditor (161)
[2016.11.07-00.18.31:156][ 18]LogModuleManager: Shutting down and abandoning module ProjectLauncher (160)
[2016.11.07-00.18.31:156][ 18]LogModuleManager: Shutting down and abandoning module SessionFrontend (159)
[2016.11.07-00.18.31:156][ 18]LogModuleManager: Shutting down and abandoning module ProfilerClient (158)
[2016.11.07-00.18.31:156][ 18]LogModuleManager: Shutting down and abandoning module TargetDeviceServices (157)
[2016.11.07-00.18.31:156][ 18]LogModuleManager: Shutting down and abandoning module DeviceManager (156)
[2016.11.07-00.18.31:210][ 18]LogModuleManager: Shutting down and abandoning module AutomationController (155)
[2016.11.07-00.18.31:210][ 18]LogModuleManager: Shutting down and abandoning module AutomationWindow (154)
[2016.11.07-00.18.31:210][ 18]LogModuleManager: Shutting down and abandoning module Layers (153)
[2016.11.07-00.18.31:210][ 18]LogModuleManager: Shutting down and abandoning module ComponentVisualizers (152)
[2016.11.07-00.18.31:210][ 18]LogModuleManager: Shutting down and abandoning module DetailCustomizations (151)
[2016.11.07-00.18.31:210][ 18]LogModuleManager: Shutting down and abandoning module PackagesDialog (150)
[2016.11.07-00.18.31:210][ 18]LogModuleManager: Shutting down and abandoning module Persona (149)
[2016.11.07-00.18.31:210][ 18]LogModuleManager: Shutting down and abandoning module Kismet (148)
[2016.11.07-00.18.31:210][ 18]LogModuleManager: Shutting down and abandoning module GraphEditor (147)
[2016.11.07-00.18.31:210][ 18]LogModuleManager: Shutting down and abandoning module ClassViewer (146)
[2016.11.07-00.18.31:210][ 18]LogModuleManager: Shutting down and abandoning module Toolbox (145)
[2016.11.07-00.18.31:210][ 18]LogModuleManager: Shutting down and abandoning module ModuleUI (144)
[2016.11.07-00.18.31:210][ 18]LogModuleManager: Shutting down and abandoning module MovieSceneTools (143)
[2016.11.07-00.18.31:210][ 18]LogModuleManager: Shutting down and abandoning module OutputLog (142)
[2016.11.07-00.18.31:210][ 18]LogModuleManager: Shutting down and abandoning module GammaUI (141)
[2016.11.07-00.18.31:210][ 18]LogModuleManager: Shutting down and abandoning module Documentation (140)
[2016.11.07-00.18.31:210][ 18]LogModuleManager: Shutting down and abandoning module StreamingPauseRendering (139)
[2016.11.07-00.18.31:210][ 18]LogModuleManager: Shutting down and abandoning module AnalyticsET (138)
[2016.11.07-00.18.31:210][ 18]LogModuleManager: Shutting down and abandoning module Analytics (137)
[2016.11.07-00.18.31:210][ 18]LogModuleManager: Shutting down and abandoning module PortalServices (136)
[2016.11.07-00.18.31:210][ 18]LogModuleManager: Shutting down and abandoning module PortalRpc (135)
[2016.11.07-00.18.31:210][ 18]LogModuleManager: Shutting down and abandoning module MessagingRpc (134)
[2016.11.07-00.18.31:210][ 18]LogModuleManager: Shutting down and abandoning module GameplayDebugger (133)
[2016.11.07-00.18.31:210][ 18]LogModuleManager: Shutting down and abandoning module AITestSuite (132)
[2016.11.07-00.18.31:210][ 18]LogModuleManager: Shutting down and abandoning module AIModule (131)
[2016.11.07-00.18.31:210][ 18]LogModuleManager: Shutting down and abandoning module ProfilerService (130)
[2016.11.07-00.18.31:228][ 18]LogModuleManager: Shutting down and abandoning module TaskGraph (129)
[2016.11.07-00.18.31:228][ 18]LogModuleManager: Shutting down and abandoning module SlateRemote (128)
[2016.11.07-00.18.31:228][ 18]LogModuleManager: Shutting down and abandoning module SteamVRController (127)
[2016.11.07-00.18.31:228][ 18]LogModuleManager: Shutting down and abandoning module SteamVR (126)
[2016.11.07-00.18.31:228][ 18]LogModuleManager: Shutting down and abandoning module ProceduralMeshComponent (125)
[2016.11.07-00.18.31:228][ 18]LogModuleManager: Shutting down and abandoning module OculusLibrary (124)
[2016.11.07-00.18.31:228][ 18]LogModuleManager: Shutting down and abandoning module OculusInput (123)
[2016.11.07-00.18.31:228][ 18]LogModuleManager: Shutting down and abandoning module HoudiniEngineRuntime (122)
[2016.11.07-00.18.31:228][ 18]LogHoudiniEngine: Shutting down the Houdini Engine module.
[2016.11.07-00.18.31:228][ 18]LogUObjectArray:Warning: Invalid object index -572662307
[2016.11.07-00.18.31:228][ 18]LogUObjectArray:Warning: Invalid object index -572662307
[2016.11.07-00.18.31:228][ 18]LogUObjectArray:Warning: Invalid object index -572662307
[2016.11.07-00.18.31:228][ 18]LogUObjectArray:Warning: Invalid object index -572662307
[2016.11.07-00.18.31:229][ 18]LogModuleManager: Shutting down and abandoning module CustomMeshComponent (121)
[2016.11.07-00.18.31:229][ 18]LogModuleManager: Shutting down and abandoning module CableComponent (120)
[2016.11.07-00.18.31:229][ 18]LogModuleManager: Shutting down and abandoning module ArchVisCharacter (119)
[2016.11.07-00.18.31:229][ 18]LogModuleManager: Shutting down and abandoning module MediaPlayerEditor (118)
[2016.11.07-00.18.31:229][ 18]LogModuleManager: Shutting down and abandoning module HTML5Networking (117)
[2016.11.07-00.18.31:229][ 18]LogModuleManager: Shutting down and abandoning module SuperSearch (116)
[2016.11.07-00.18.31:229][ 18]LogModuleManager: Shutting down and abandoning module SuperSearchEditor (115)
[2016.11.07-00.18.31:230][ 18]LogModuleManager: Shutting down and abandoning module SpeedTreeImporter (114)
[2016.11.07-00.18.31:230][ 18]LogModuleManager: Shutting down and abandoning module PluginBrowser (113)
[2016.11.07-00.18.31:230][ 18]LogModuleManager: Shutting down and abandoning module EpicSurvey (112)
[2016.11.07-00.18.31:230][ 18]LogModuleManager: Shutting down and abandoning module DesktopPlatform (111)
[2016.11.07-00.18.31:230][ 18]LogModuleManager: Shutting down and abandoning module VisualStudioSourceCodeAccess (110)
[2016.11.07-00.18.31:230][ 18]LogModuleManager: Shutting down and abandoning module UObjectPlugin (109)
[2016.11.07-00.18.31:230][ 18]LogModuleManager: Shutting down and abandoning module SubversionSourceControl (108)
[2016.11.07-00.18.31:230][ 18]LogModuleManager: Shutting down and abandoning module PerforceSourceControl (107)
[2016.11.07-00.18.31:230][ 18]LogModuleManager: Shutting down and abandoning module SourceControl (106)
[2016.11.07-00.18.31:230][ 18]LogModuleManager: Shutting down and abandoning module GitSourceControl (105)
[2016.11.07-00.18.31:230][ 18]LogModuleManager: Shutting down and abandoning module LightPropagationVolumeEditor (104)
[2016.11.07-00.18.31:230][ 18]LogModuleManager: Shutting down and abandoning module PaperTiledImporter (103)
[2016.11.07-00.18.31:230][ 18]LogModuleManager: Shutting down and abandoning module PaperSpriteSheetImporter (102)
[2016.11.07-00.18.31:230][ 18]LogModuleManager: Shutting down and abandoning module MeshPaint (101)
[2016.11.07-00.18.31:230][ 18]LogModuleManager: Shutting down and abandoning module PixelInspectorModule (100)
[2016.11.07-00.18.31:230][ 18]LogModuleManager: Shutting down and abandoning module HotReload (99)
[2016.11.07-00.18.31:230][ 18]LogModuleManager: Shutting down and abandoning module MainFrame (98)
[2016.11.07-00.18.31:230][ 18]LogModuleManager: Shutting down and abandoning module LevelEditor (97)
[2016.11.07-00.18.31:231][ 18]LogModuleManager: Shutting down and abandoning module ContentBrowser (96)
[2016.11.07-00.18.31:231][ 18]LogModuleManager: Shutting down and abandoning module Paper2DEditor (95)
[2016.11.07-00.18.31:231][ 18]LogModuleManager: Shutting down and abandoning module UdpMessaging (94)
[2016.11.07-00.18.31:332][ 18]LogModuleManager: Shutting down and abandoning module LightPropagationVolumeRuntime (93)
[2016.11.07-00.18.31:332][ 18]LogModuleManager: Shutting down and abandoning module Paper2D (92)
[2016.11.07-00.18.31:332][ 18]LogModuleManager: Shutting down and abandoning module WindowsMoviePlayer (91)
[2016.11.07-00.18.31:332][ 18]LogModuleManager: Shutting down and abandoning module Media (90)
[2016.11.07-00.18.31:332][ 18]LogModuleManager: Shutting down and abandoning module WmfMedia (89)
[2016.11.07-00.18.31:332][ 18]LogModuleManager: Shutting down and abandoning module MediaAssets (88)
[2016.11.07-00.18.31:332][ 18]LogModuleManager: Shutting down and abandoning module GameLiveStreaming (87)
[2016.11.07-00.18.31:332][ 18]LogModuleManager: Shutting down and abandoning module GameplayTagsEditor (86)
[2016.11.07-00.18.31:332][ 18]LogModuleManager: Shutting down and abandoning module OnlineBlueprintSupport (85)
[2016.11.07-00.18.31:332][ 18]LogModuleManager: Shutting down and abandoning module VREditor (84)
[2016.11.07-00.18.31:332][ 18]LogModuleManager: Shutting down and abandoning module GameplayTasksEditor (83)
[2016.11.07-00.18.31:332][ 18]LogModuleManager: Shutting down and abandoning module PropertyEditor (82)
[2016.11.07-00.18.31:332][ 18]LogModuleManager: Shutting down and abandoning module BehaviorTreeEditor (81)
[2016.11.07-00.18.31:332][ 18]LogModuleManager: Shutting down and abandoning module FunctionalTesting (80)
[2016.11.07-00.18.31:332][ 18]LogModuleManager: Shutting down and abandoning module CollisionAnalyzer (79)
[2016.11.07-00.18.31:332][ 18]LogModuleManager: Shutting down and abandoning module Sequencer (78)
[2016.11.07-00.18.31:332][ 18]LogModuleManager: Shutting down and abandoning module WorkspaceMenuStructure (77)
[2016.11.07-00.18.31:332][ 18]LogModuleManager: Shutting down and abandoning module MessageLog (76)
[2016.11.07-00.18.31:332][ 18]LogModuleManager: Shutting down and abandoning module AssetTools (75)
[2016.11.07-00.18.31:333][ 18]LogModuleManager: Shutting down and abandoning module UMGEditor (74)
[2016.11.07-00.18.31:333][ 18]LogModuleManager: Shutting down and abandoning module UMG (73)
[2016.11.07-00.18.31:333][ 18]LogModuleManager: Shutting down and abandoning module SlateReflector (72)
[2016.11.07-00.18.31:333][ 18]LogModuleManager: Shutting down and abandoning module Slate (71)
[2016.11.07-00.18.31:333][ 18]LogModuleManager: Shutting down and abandoning module EditorStyle (70)
[2016.11.07-00.18.31:335][ 18]LogModuleManager: Shutting down and abandoning module SourceCodeAccess (69)
[2016.11.07-00.18.31:335][ 18]LogModuleManager: Shutting down and abandoning module HeadMountedDisplay (68)
[2016.11.07-00.18.31:335][ 18]LogModuleManager: Shutting down and abandoning module XAudio2 (67)
[2016.11.07-00.18.31:335][ 18]LogModuleManager: Shutting down and abandoning module Networking (65)
[2016.11.07-00.18.31:335][ 18]LogModuleManager: Shutting down and abandoning module Core (64)
[2016.11.07-00.18.31:335][ 18]LogModuleManager: Shutting down and abandoning module DirectoryWatcher (63)
[2016.11.07-00.18.31:335][ 18]LogModuleManager: Shutting down and abandoning module AssetRegistry (62)
[2016.11.07-00.18.31:394][ 18]LogModuleManager: Shutting down and abandoning module KismetCompiler (61)
[2016.11.07-00.18.31:394][ 18]LogModuleManager: Shutting down and abandoning module PhysXFormats (60)
[2016.11.07-00.18.31:394][ 18]LogModuleManager: Shutting down and abandoning module MeshUtilities (59)
[2016.11.07-00.18.31:394][ 18]LogModuleManager: Shutting down and abandoning module DerivedDataCache (58)
[2016.11.07-00.18.31:492][ 18]LogDerivedDataCache: Shutdown
[2016.11.07-00.18.31:492][ 18]LogModuleManager: Shutting down and abandoning module VulkanShaderFormat (57)
[2016.11.07-00.18.31:492][ 18]LogModuleManager: Shutting down and abandoning module ShaderFormatOpenGL (56)
[2016.11.07-00.18.31:492][ 18]LogModuleManager: Shutting down and abandoning module ShaderFormatD3D (55)
[2016.11.07-00.18.31:492][ 18]LogModuleManager: Shutting down and abandoning module MetalShaderFormat (54)
[2016.11.07-00.18.31:492][ 18]LogModuleManager: Shutting down and abandoning module TextureFormatUncompressed (53)
[2016.11.07-00.18.31:492][ 18]LogModuleManager: Shutting down and abandoning module TextureFormatPVR (52)
[2016.11.07-00.18.31:492][ 18]LogModuleManager: Shutting down and abandoning module TextureFormatIntelISPCTexComp (51)
[2016.11.07-00.18.31:492][ 18]LogModuleManager: Shutting down and abandoning module TextureFormatDXT (50)
[2016.11.07-00.18.31:492][ 18]LogModuleManager: Shutting down and abandoning module ImageWrapper (49)
[2016.11.07-00.18.31:492][ 18]LogModuleManager: Shutting down and abandoning module TextureFormatASTC (48)
[2016.11.07-00.18.31:492][ 18]LogModuleManager: Shutting down and abandoning module TextureFormatAndroid (47)
[2016.11.07-00.18.31:492][ 18]LogModuleManager: Shutting down and abandoning module AudioFormatOpus (46)
[2016.11.07-00.18.31:492][ 18]LogModuleManager: Shutting down and abandoning module AudioFormatOgg (45)
[2016.11.07-00.18.31:492][ 18]LogModuleManager: Shutting down and abandoning module AudioFormatADPCM (44)
[2016.11.07-00.18.31:492][ 18]LogModuleManager: Shutting down and abandoning module LinuxTargetPlatform (43)
[2016.11.07-00.18.31:492][ 18]LogModuleManager: Shutting down and abandoning module LinuxServerTargetPlatform (42)
[2016.11.07-00.18.31:492][ 18]LogModuleManager: Shutting down and abandoning module LinuxNoEditorTargetPlatform (41)
[2016.11.07-00.18.31:492][ 18]LogModuleManager: Shutting down and abandoning module TVOSTargetPlatform (40)
[2016.11.07-00.18.31:492][ 18]LogModuleManager: Shutting down and abandoning module Messaging (39)
[2016.11.07-00.18.31:492][ 18]LogModuleManager: Shutting down and abandoning module IOSTargetPlatform (38)
[2016.11.07-00.18.31:492][ 18]LogModuleManager: Shutting down and abandoning module HTML5TargetPlatform (37)
[2016.11.07-00.18.31:492][ 18]LogModuleManager: Shutting down and abandoning module Android_PVRTCTargetPlatform (36)
[2016.11.07-00.18.31:492][ 18]LogModuleManager: Shutting down and abandoning module Android_MultiTargetPlatform (35)
[2016.11.07-00.18.31:492][ 18]LogModuleManager: Shutting down and abandoning module Android_ETC2TargetPlatform (34)
[2016.11.07-00.18.31:492][ 18]LogModuleManager: Shutting down and abandoning module Android_ETC1TargetPlatform (33)
[2016.11.07-00.18.31:492][ 18]LogModuleManager: Shutting down and abandoning module Android_DXTTargetPlatform (32)
[2016.11.07-00.18.31:492][ 18]LogModuleManager: Shutting down and abandoning module Android_ATCTargetPlatform (31)
[2016.11.07-00.18.31:492][ 18]LogModuleManager: Shutting down and abandoning module Android_ASTCTargetPlatform (30)
[2016.11.07-00.18.31:492][ 18]LogModuleManager: Shutting down and abandoning module AndroidTargetPlatform (29)
[2016.11.07-00.18.31:492][ 18]LogModuleManager: Shutting down and abandoning module WindowsTargetPlatform (28)
[2016.11.07-00.18.31:492][ 18]LogModuleManager: Shutting down and abandoning module WindowsServerTargetPlatform (27)
[2016.11.07-00.18.31:492][ 18]LogModuleManager: Shutting down and abandoning module WindowsNoEditorTargetPlatform (26)
[2016.11.07-00.18.31:492][ 18]LogModuleManager: Shutting down and abandoning module WindowsClientTargetPlatform (25)
[2016.11.07-00.18.31:492][ 18]LogModuleManager: Shutting down and abandoning module AllDesktopTargetPlatform (24)
[2016.11.07-00.18.31:492][ 18]LogModuleManager: Shutting down and abandoning module TargetPlatform (23)
[2016.11.07-00.18.31:492][ 18]LogModuleManager: Shutting down and abandoning module InputCore (22)
[2016.11.07-00.18.31:492][ 18]LogModuleManager: Shutting down and abandoning module Settings (21)
[2016.11.07-00.18.31:492][ 18]LogModuleManager: Shutting down and abandoning module OnlineSubsystem (19)
[2016.11.07-00.18.31:492][ 18]LogModuleManager: Shutting down and abandoning module HTTP (18)
[2016.11.07-00.18.34:496][ 18]LogModuleManager: Shutting down and abandoning module XMPP (17)
[2016.11.07-00.18.34:496][ 18]LogModuleManager: Shutting down and abandoning module OculusRift (16)
[2016.11.07-00.18.34:496][ 18]LogModuleManager: Shutting down and abandoning module ExampleDeviceProfileSelector (15)
[2016.11.07-00.18.34:496][ 18]LogModuleManager: Shutting down and abandoning module TextureCompressor (14)
[2016.11.07-00.18.34:496][ 18]LogModuleManager: Shutting down and abandoning module ShaderCore (13)
[2016.11.07-00.18.34:496][ 18]LogModuleManager: Shutting down and abandoning module Landscape (12)
[2016.11.07-00.18.34:496][ 18]LogModuleManager: Shutting down and abandoning module SlateRHIRenderer (11)
[2016.11.07-00.18.34:497][ 18]LogModuleManager: Shutting down and abandoning module OpenGLDrv (10)
[2016.11.07-00.18.34:497][ 18]LogModuleManager: Shutting down and abandoning module D3D11RHI (9)
[2016.11.07-00.18.34:497][ 18]LogModuleManager: Shutting down and abandoning module AnimGraphRuntime (8)
[2016.11.07-00.18.34:497][ 18]LogModuleManager: Shutting down and abandoning module Renderer (7)
[2016.11.07-00.18.34:497][ 18]LogModuleManager: Shutting down and abandoning module Engine (6)
[2016.11.07-00.18.34:497][ 18]LogModuleManager: Shutting down and abandoning module CoreUObject (5)
[2016.11.07-00.18.34:497][ 18]LogModuleManager: Shutting down and abandoning module NetworkFile (4)
[2016.11.07-00.18.34:497][ 18]LogModuleManager: Shutting down and abandoning module StreamingFile (3)
[2016.11.07-00.18.34:497][ 18]LogModuleManager: Shutting down and abandoning module SandboxFile (2)
[2016.11.07-00.18.34:497][ 18]LogModuleManager: Shutting down and abandoning module PakFile (1)
[2016.11.07-00.18.34:502][ 18]LogExit: Exiting.
[2016.11.07-00.18.34:503][ 18]Log file closed, 11/06/16 19:18:34
